<?xml version="1.0" encoding="UTF-8"?>
<robot generator="Robot 6.0 (Python 3.11.0 on darwin)" generated="20221209 10:19:30.245" rpa="false" schemaversion="3">
<suite id="s1" name="AD" source="/Users/huskyeart/New/Testcase/AD.robot">
<test id="s1-t1" name="ทดสอบการสร้างร้านซื้อ" line="17">
<kw name="Open Web" library="Common" type="SETUP">
<kw name="Open Browser" library="SeleniumLibrary">
<arg>${url.${env}}</arg>
<arg>headlesschrome</arg>
<doc>Opens a new browser instance to the optional ``url``.</doc>
<msg timestamp="20221209 10:19:30.312" level="INFO">Opening browser 'headlesschrome' to base url 'http://localhost:7600/'.</msg>
<status status="PASS" starttime="20221209 10:19:30.312" endtime="20221209 10:19:32.951"/>
</kw>
<kw name="Maximize Browser Window" library="SeleniumLibrary">
<doc>Maximizes current browser window.</doc>
<status status="PASS" starttime="20221209 10:19:32.952" endtime="20221209 10:19:33.054"/>
</kw>
<kw name="Sleep" library="BuiltIn">
<arg>2s</arg>
<doc>Pauses the test executed for the given time.</doc>
<msg timestamp="20221209 10:19:35.057" level="INFO">Slept 2 seconds</msg>
<status status="PASS" starttime="20221209 10:19:33.054" endtime="20221209 10:19:35.057"/>
</kw>
<status status="PASS" starttime="20221209 10:19:30.311" endtime="20221209 10:19:35.058"/>
</kw>
<kw name="Set Selenium Speed" library="SeleniumLibrary">
<arg>0.5s</arg>
<doc>Sets the delay that is waited after each Selenium command.</doc>
<status status="PASS" starttime="20221209 10:19:35.059" endtime="20221209 10:19:35.059"/>
</kw>
<kw name="กรอกไอดี" library="Keywords">
<arg>${ID}</arg>
<kw name="Set Selenium Speed" library="SeleniumLibrary">
<arg>0.5s</arg>
<doc>Sets the delay that is waited after each Selenium command.</doc>
<status status="PASS" starttime="20221209 10:19:35.061" endtime="20221209 10:19:35.061"/>
</kw>
<kw name="Wait Until Element Is Visible" library="SeleniumLibrary">
<arg>//a[@class="cmn-btn" and @href="login"]</arg>
<doc>Waits until the element ``locator`` is visible.</doc>
<status status="PASS" starttime="20221209 10:19:35.061" endtime="20221209 10:19:36.098"/>
</kw>
<kw name="Click Element" library="SeleniumLibrary">
<arg>//a[@class="cmn-btn" and @href="login"]</arg>
<doc>Click the element identified by ``locator``.</doc>
<msg timestamp="20221209 10:19:36.099" level="INFO">Clicking element '//a[@class="cmn-btn" and @href="login"]'.</msg>
<status status="PASS" starttime="20221209 10:19:36.099" endtime="20221209 10:19:38.280"/>
</kw>
<kw name="Input Text" library="SeleniumLibrary">
<arg>//input[@id="mobile_number"]</arg>
<arg>${id}</arg>
<doc>Types the given ``text`` into the text field identified by ``locator``.</doc>
<msg timestamp="20221209 10:19:38.280" level="INFO">Typing text '0623145557' into text field '//input[@id="mobile_number"]'.</msg>
<status status="PASS" starttime="20221209 10:19:38.280" endtime="20221209 10:19:39.889"/>
</kw>
<status status="PASS" starttime="20221209 10:19:35.060" endtime="20221209 10:19:39.889"/>
</kw>
<kw name="กรอกรหัสผ่าน" library="Keywords">
<arg>${Pass}</arg>
<kw name="Input Text" library="SeleniumLibrary">
<arg>//input[@id="password"]</arg>
<arg>${Pass}</arg>
<doc>Types the given ``text`` into the text field identified by ``locator``.</doc>
<msg timestamp="20221209 10:19:39.891" level="INFO">Typing text '@Aa555666' into text field '//input[@id="password"]'.</msg>
<status status="PASS" starttime="20221209 10:19:39.890" endtime="20221209 10:19:41.471"/>
</kw>
<status status="PASS" starttime="20221209 10:19:39.890" endtime="20221209 10:19:41.471"/>
</kw>
<kw name="รหัสความปลอดภัย" library="Keywords">
<arg>1</arg>
<kw name="Input Text" library="SeleniumLibrary">
<arg>//input[@id="captcha"]</arg>
<arg>${captcha}</arg>
<doc>Types the given ``text`` into the text field identified by ``locator``.</doc>
<msg timestamp="20221209 10:19:41.474" level="INFO">Typing text '1' into text field '//input[@id="captcha"]'.</msg>
<status status="PASS" starttime="20221209 10:19:41.473" endtime="20221209 10:19:43.075"/>
</kw>
<status status="PASS" starttime="20221209 10:19:41.472" endtime="20221209 10:19:43.076"/>
</kw>
<kw name="คลิกล็อคอิน" library="Keywords">
<kw name="Click Element" library="SeleniumLibrary">
<arg>//button[@id="login-btn"]</arg>
<doc>Click the element identified by ``locator``.</doc>
<msg timestamp="20221209 10:19:43.077" level="INFO">Clicking element '//button[@id="login-btn"]'.</msg>
<msg timestamp="20221209 10:19:45.306" level="INFO" html="true">&lt;/td&gt;&lt;/tr&gt;&lt;tr&gt;&lt;td colspan="3"&gt;&lt;a href="selenium-screenshot-13.png"&gt;&lt;img src="selenium-screenshot-13.png" width="800px"&gt;&lt;/a&gt;</msg>
<msg timestamp="20221209 10:19:45.307" level="FAIL">ElementClickInterceptedException: Message: element click intercepted: Element is not clickable at point (400, 657)
  (Session info: headless chrome=108.0.5359.98)
Stacktrace:
0   chromedriver                        0x000000010468ea88 chromedriver + 4123272
1   chromedriver                        0x000000010461a778 chromedriver + 3647352
2   chromedriver                        0x00000001042dcac4 chromedriver + 248516
3   chromedriver                        0x00000001043198a8 chromedriver + 497832
4   chromedriver                        0x0000000104317874 chromedriver + 489588
5   chromedriver                        0x00000001043154e8 chromedriver + 480488
6   chromedriver                        0x00000001043144dc chromedriver + 476380
7   chromedriver                        0x0000000104308a00 chromedriver + 428544
8   chromedriver                        0x0000000104308260 chromedriver + 426592
9   chromedriver                        0x0000000104345020 chromedriver + 675872
10  chromedriver                        0x0000000104306b10 chromedriver + 420624
11  chromedriver                        0x0000000104307c30 chromedriver + 425008
12  chromedriver                        0x0000000104660ae4 chromedriver + 3934948
13  chromedriver                        0x0000000104663f24 chromedriver + 3948324
14  chromedriver                        0x0000000104664508 chromedriver + 3949832
15  chromedriver                        0x000000010466ab30 chromedriver + 3975984
16  chromedriver                        0x0000000104664b24 chromedriver + 3951396
17  chromedriver                        0x000000010463f71c chromedriver + 3798812
18  chromedriver                        0x00000001046812f0 chromedriver + 4068080
19  chromedriver                        0x0000000104681444 chromedriver + 4068420
20  chromedriver                        0x0000000104695450 chromedriver + 4150352
21  libsystem_pthread.dylib             0x00000001955a606c _pthread_start + 148
22  libsystem_pthread.dylib             0x00000001955a0e2c thread_start + 8
</msg>
<status status="FAIL" starttime="20221209 10:19:43.077" endtime="20221209 10:19:45.314"/>
</kw>
<status status="FAIL" starttime="20221209 10:19:43.076" endtime="20221209 10:19:45.314"/>
</kw>
<kw name="เข้าการสร้างร้านค้า" library="Keywords">
<status status="NOT RUN" starttime="20221209 10:19:45.315" endtime="20221209 10:19:45.315"/>
</kw>
<kw name="สร้างร้านค้าซื้อ" library="Keywords">
<arg>1</arg>
<arg>100000000</arg>
<arg>สวัสดีครับ</arg>
<status status="NOT RUN" starttime="20221209 10:19:45.315" endtime="20221209 10:19:45.315"/>
</kw>
<kw name="Active" library="Expect_results">
<status status="NOT RUN" starttime="20221209 10:19:45.316" endtime="20221209 10:19:45.316"/>
</kw>
<kw name="ปิดร้านค้า" library="Keywords">
<status status="NOT RUN" starttime="20221209 10:19:45.316" endtime="20221209 10:19:45.316"/>
</kw>
<kw name="DeActive" library="Expect_results">
<status status="NOT RUN" starttime="20221209 10:19:45.317" endtime="20221209 10:19:45.317"/>
</kw>
<kw name="Close" library="Common" type="TEARDOWN">
<kw name="Sleep" library="BuiltIn">
<arg>3s</arg>
<doc>Pauses the test executed for the given time.</doc>
<msg timestamp="20221209 10:19:48.320" level="INFO">Slept 3 seconds</msg>
<status status="PASS" starttime="20221209 10:19:45.318" endtime="20221209 10:19:48.321"/>
</kw>
<kw name="Close Browser" library="SeleniumLibrary">
<doc>Closes the current browser.</doc>
<status status="PASS" starttime="20221209 10:19:48.321" endtime="20221209 10:19:48.890"/>
</kw>
<status status="PASS" starttime="20221209 10:19:45.317" endtime="20221209 10:19:48.891"/>
</kw>
<status status="FAIL" starttime="20221209 10:19:30.310" endtime="20221209 10:19:48.891">ElementClickInterceptedException: Message: element click intercepted: Element is not clickable at point (400, 657)
  (Session info: headless chrome=108.0.5359.98)
Stacktrace:
0   chromedriver                        0x000000010468ea88 chromedriver + 4123272
1   chromedriver                        0x000000010461a778 chromedriver + 3647352
2   chromedriver                        0x00000001042dcac4 chromedriver + 248516
3   chromedriver                        0x00000001043198a8 chromedriver + 497832
4   chromedriver                        0x0000000104317874 chromedriver + 489588
5   chromedriver                        0x00000001043154e8 chromedriver + 480488
6   chromedriver                        0x00000001043144dc chromedriver + 476380
7   chromedriver                        0x0000000104308a00 chromedriver + 428544
    [ Message content over the limit has been removed. ]
...romedriver                        0x0000000104660ae4 chromedriver + 3934948
13  chromedriver                        0x0000000104663f24 chromedriver + 3948324
14  chromedriver                        0x0000000104664508 chromedriver + 3949832
15  chromedriver                        0x000000010466ab30 chromedriver + 3975984
16  chromedriver                        0x0000000104664b24 chromedriver + 3951396
17  chromedriver                        0x000000010463f71c chromedriver + 3798812
18  chromedriver                        0x00000001046812f0 chromedriver + 4068080
19  chromedriver                        0x0000000104681444 chromedriver + 4068420
20  chromedriver                        0x0000000104695450 chromedriver + 4150352
21  libsystem_pthread.dylib             0x00000001955a606c _pthread_start + 148
22  libsystem_pthread.dylib             0x00000001955a0e2c thread_start + 8</status>
</test>
<status status="FAIL" starttime="20221209 10:19:30.246" endtime="20221209 10:19:48.893"/>
</suite>
<statistics>
<total>
<stat pass="0" fail="1" skip="0">All Tests</stat>
</total>
<tag>
</tag>
<suite>
<stat pass="0" fail="1" skip="0" id="s1" name="AD">AD</stat>
</suite>
</statistics>
<errors>
</errors>
</robot>
